2020-09-13 00:37:25,446 [Worker-5: Loading available Gradle versions] INFO  o.e.b.c.i.u.g.PublishedGradleVersions - Gradle version information cache is up-to-date. Trying to read.
2020-09-13 01:07:11,798 [Worker-0: Loading available Gradle versions] INFO  o.e.b.c.i.u.g.PublishedGradleVersions - Gradle version information cache is out-of-date. Trying to update.
2020-09-13 01:07:13,663 [Worker-0: Loading available Gradle versions] INFO  o.e.b.c.i.u.g.PublishedGradleVersions - Updating Gradle version information cache failed. Using outdated cache.
2020-09-13 01:10:01,136 [Worker-14: Building] INFO  o.e.m.c.i.l.LifecycleMappingFactory - Using org.eclipse.m2e.jdt.JarLifecycleMapping lifecycle mapping for MavenProject: com.pfe.kounouz.travel:KounouzTravel:0.0.1-SNAPSHOT @ D:\KounouzTravel2\Back-End\KounouzTravel\pom.xml.
2020-09-13 01:10:01,136 [Worker-9: Updating Maven Dependencies] INFO  o.e.m.c.i.l.LifecycleMappingFactory - Using org.eclipse.m2e.jdt.JarLifecycleMapping lifecycle mapping for MavenProject: com.pfe.kounouz.travel:KounouzTravel:0.0.1-SNAPSHOT @ D:\KounouzTravel2\Back-End\KounouzTravel\pom.xml.
2020-09-13 01:10:13,477 [Worker-14: Building] INFO  o.e.m.c.i.embedder.EclipseLogger - Using 'UTF-8' encoding to copy filtered resources.
2020-09-13 01:10:13,493 [Worker-14: Building] INFO  o.e.m.c.i.embedder.EclipseLogger - Copying 1 resource
2020-09-13 01:10:13,508 [Worker-14: Building] INFO  o.e.m.c.i.embedder.EclipseLogger - Copying 0 resource
2020-09-13 01:10:13,524 [Worker-14: Building] INFO  o.e.m.c.i.embedder.EclipseLogger - Using 'UTF-8' encoding to copy filtered resources.
2020-09-13 01:10:13,524 [Worker-14: Building] INFO  o.e.m.c.i.embedder.EclipseLogger - skip non existing resourceDirectory D:\KounouzTravel2\Back-End\KounouzTravel\src\test\resources
2020-09-13 01:10:15,845 [Worker-17: Updating Maven Dependencies] INFO  o.e.m.c.i.l.LifecycleMappingFactory - Using org.eclipse.m2e.jdt.JarLifecycleMapping lifecycle mapping for MavenProject: com.pfe.kounouz.travel:KounouzTravel:0.0.1-SNAPSHOT @ D:\KounouzTravel2\Back-End\KounouzTravel\pom.xml.
2020-09-13 01:10:18,704 [Worker-15: Building] INFO  o.e.m.c.i.embedder.EclipseLogger - Using 'UTF-8' encoding to copy filtered resources.
2020-09-13 01:10:18,719 [Worker-15: Building] INFO  o.e.m.c.i.embedder.EclipseLogger - Copying 1 resource
2020-09-13 01:10:18,719 [Worker-15: Building] INFO  o.e.m.c.i.embedder.EclipseLogger - Copying 0 resource
2020-09-13 01:10:18,735 [Worker-15: Building] INFO  o.e.m.c.i.embedder.EclipseLogger - Using 'UTF-8' encoding to copy filtered resources.
2020-09-13 01:10:18,735 [Worker-15: Building] INFO  o.e.m.c.i.embedder.EclipseLogger - skip non existing resourceDirectory D:\KounouzTravel2\Back-End\KounouzTravel\src\test\resources
2020-09-13 01:15:15,262 [Worker-3: Loading available Gradle versions] INFO  o.e.b.c.i.u.g.PublishedGradleVersions - Gradle version information cache is out-of-date. Trying to update.
2020-09-13 01:15:15,965 [Worker-3: Loading available Gradle versions] INFO  o.e.b.c.i.u.g.PublishedGradleVersions - Updating Gradle version information cache failed. Using outdated cache.
2020-09-13 12:14:10,209 [Worker-1: Loading available Gradle versions] INFO  o.e.b.c.i.u.g.PublishedGradleVersions - Gradle version information cache is out-of-date. Trying to update.
2020-09-13 12:14:16,630 [Worker-1: Loading available Gradle versions] INFO  o.e.b.c.i.u.g.PublishedGradleVersions - Updating Gradle version information cache failed. Using outdated cache.
2020-09-13 12:54:22,527 [Worker-13: Building] INFO  o.e.m.c.i.l.LifecycleMappingFactory - Using org.eclipse.m2e.jdt.JarLifecycleMapping lifecycle mapping for MavenProject: com.pfe.kounouz.travel:KounouzTravel:0.0.1-SNAPSHOT @ D:\KounouzTravel2\Back-End\KounouzTravel\pom.xml.
2020-09-13 12:54:24,268 [Worker-13: Building] INFO  o.e.m.c.i.e.AbstractTransferListenerAdapter - Downloading https://repo.maven.apache.org/maven2/org/springframework/boot/spring-boot-starter-security/2.3.3.RELEASE/spring-boot-starter-security-2.3.3.RELEASE.pom
2020-09-13 12:54:24,498 [Worker-13: Building] INFO  o.e.m.c.i.e.AbstractTransferListenerAdapter - Downloaded https://repo.maven.apache.org/maven2/org/springframework/boot/spring-boot-starter-security/2.3.3.RELEASE/spring-boot-starter-security-2.3.3.RELEASE.pom
2020-09-13 12:54:24,626 [Worker-13: Building] INFO  o.e.m.c.i.e.AbstractTransferListenerAdapter - Downloading https://repo.maven.apache.org/maven2/org/springframework/security/spring-security-config/5.3.4.RELEASE/spring-security-config-5.3.4.RELEASE.pom
2020-09-13 12:54:24,865 [Worker-13: Building] INFO  o.e.m.c.i.e.AbstractTransferListenerAdapter - Downloaded https://repo.maven.apache.org/maven2/org/springframework/security/spring-security-config/5.3.4.RELEASE/spring-security-config-5.3.4.RELEASE.pom
2020-09-13 12:54:25,003 [Worker-13: Building] INFO  o.e.m.c.i.e.AbstractTransferListenerAdapter - Downloading https://repo.maven.apache.org/maven2/org/springframework/security/spring-security-core/5.3.4.RELEASE/spring-security-core-5.3.4.RELEASE.pom
2020-09-13 12:54:25,136 [Worker-13: Building] INFO  o.e.m.c.i.e.AbstractTransferListenerAdapter - Downloaded https://repo.maven.apache.org/maven2/org/springframework/security/spring-security-core/5.3.4.RELEASE/spring-security-core-5.3.4.RELEASE.pom
2020-09-13 12:54:25,262 [Worker-13: Building] INFO  o.e.m.c.i.e.AbstractTransferListenerAdapter - Downloading https://repo.maven.apache.org/maven2/org/springframework/security/spring-security-web/5.3.4.RELEASE/spring-security-web-5.3.4.RELEASE.pom
2020-09-13 12:54:25,352 [Worker-13: Building] INFO  o.e.m.c.i.e.AbstractTransferListenerAdapter - Downloaded https://repo.maven.apache.org/maven2/org/springframework/security/spring-security-web/5.3.4.RELEASE/spring-security-web-5.3.4.RELEASE.pom
2020-09-13 12:54:25,444 [Worker-13: Building] INFO  o.e.m.c.i.e.AbstractTransferListenerAdapter - Downloading https://repo.maven.apache.org/maven2/org/springframework/security/spring-security-test/5.3.4.RELEASE/spring-security-test-5.3.4.RELEASE.pom
2020-09-13 12:54:25,587 [Worker-13: Building] INFO  o.e.m.c.i.e.AbstractTransferListenerAdapter - Downloaded https://repo.maven.apache.org/maven2/org/springframework/security/spring-security-test/5.3.4.RELEASE/spring-security-test-5.3.4.RELEASE.pom
2020-09-13 12:54:25,788 [AetherRepositoryConnector-repo.maven.apache.org-0-2] INFO  o.e.m.c.i.e.AbstractTransferListenerAdapter - Downloading https://repo.maven.apache.org/maven2/org/springframework/security/spring-security-web/5.3.4.RELEASE/spring-security-web-5.3.4.RELEASE.jar
2020-09-13 12:54:25,873 [AetherRepositoryConnector-repo.maven.apache.org-0-0] INFO  o.e.m.c.i.e.AbstractTransferListenerAdapter - Downloading https://repo.maven.apache.org/maven2/org/springframework/boot/spring-boot-starter-security/2.3.3.RELEASE/spring-boot-starter-security-2.3.3.RELEASE.jar
2020-09-13 12:54:25,874 [AetherRepositoryConnector-repo.maven.apache.org-0-3] INFO  o.e.m.c.i.e.AbstractTransferListenerAdapter - Downloading https://repo.maven.apache.org/maven2/org/springframework/security/spring-security-test/5.3.4.RELEASE/spring-security-test-5.3.4.RELEASE.jar
2020-09-13 12:54:25,875 [AetherRepositoryConnector-repo.maven.apache.org-0-4] INFO  o.e.m.c.i.e.AbstractTransferListenerAdapter - Downloading https://repo.maven.apache.org/maven2/org/springframework/security/spring-security-core/5.3.4.RELEASE/spring-security-core-5.3.4.RELEASE.jar
2020-09-13 12:54:25,875 [AetherRepositoryConnector-repo.maven.apache.org-0-1] INFO  o.e.m.c.i.e.AbstractTransferListenerAdapter - Downloading https://repo.maven.apache.org/maven2/org/springframework/security/spring-security-config/5.3.4.RELEASE/spring-security-config-5.3.4.RELEASE.jar
2020-09-13 12:54:26,115 [AetherRepositoryConnector-repo.maven.apache.org-0-0] INFO  o.e.m.c.i.e.AbstractTransferListenerAdapter - Downloaded https://repo.maven.apache.org/maven2/org/springframework/boot/spring-boot-starter-security/2.3.3.RELEASE/spring-boot-starter-security-2.3.3.RELEASE.jar
2020-09-13 12:54:26,959 [AetherRepositoryConnector-repo.maven.apache.org-0-3] INFO  o.e.m.c.i.e.AbstractTransferListenerAdapter - Downloaded https://repo.maven.apache.org/maven2/org/springframework/security/spring-security-test/5.3.4.RELEASE/spring-security-test-5.3.4.RELEASE.jar
2020-09-13 12:54:28,490 [AetherRepositoryConnector-repo.maven.apache.org-0-4] INFO  o.e.m.c.i.e.AbstractTransferListenerAdapter - Downloaded https://repo.maven.apache.org/maven2/org/springframework/security/spring-security-core/5.3.4.RELEASE/spring-security-core-5.3.4.RELEASE.jar
2020-09-13 12:54:28,521 [AetherRepositoryConnector-repo.maven.apache.org-0-2] INFO  o.e.m.c.i.e.AbstractTransferListenerAdapter - Downloaded https://repo.maven.apache.org/maven2/org/springframework/security/spring-security-web/5.3.4.RELEASE/spring-security-web-5.3.4.RELEASE.jar
2020-09-13 12:54:29,014 [AetherRepositoryConnector-repo.maven.apache.org-0-1] INFO  o.e.m.c.i.e.AbstractTransferListenerAdapter - Downloaded https://repo.maven.apache.org/maven2/org/springframework/security/spring-security-config/5.3.4.RELEASE/spring-security-config-5.3.4.RELEASE.jar
2020-09-13 12:54:33,144 [Worker-14: Download sources and javadoc] INFO  o.e.m.c.i.e.AbstractTransferListenerAdapter - Downloading https://repo.maven.apache.org/maven2/org/springframework/boot/spring-boot-starter-security/2.3.3.RELEASE/spring-boot-starter-security-2.3.3.RELEASE-sources.jar
2020-09-13 12:54:33,368 [Worker-14: Download sources and javadoc] INFO  o.e.m.c.i.e.AbstractTransferListenerAdapter - Downloaded https://repo.maven.apache.org/maven2/org/springframework/boot/spring-boot-starter-security/2.3.3.RELEASE/spring-boot-starter-security-2.3.3.RELEASE-sources.jar
2020-09-13 12:54:33,673 [Worker-14: Download sources and javadoc] INFO  o.e.m.j.internal.DownloadSourcesJob - Downloaded sources for org.springframework.boot:spring-boot-starter-security:2.3.3.RELEASE
2020-09-13 12:54:33,770 [Worker-13: Building] INFO  o.e.m.c.i.embedder.EclipseLogger - Using 'UTF-8' encoding to copy filtered resources.
2020-09-13 12:54:33,777 [Worker-13: Building] INFO  o.e.m.c.i.embedder.EclipseLogger - Copying 1 resource
2020-09-13 12:54:33,824 [Worker-13: Building] INFO  o.e.m.c.i.embedder.EclipseLogger - Copying 0 resource
2020-09-13 12:54:33,829 [Worker-13: Building] INFO  o.e.m.c.i.embedder.EclipseLogger - Using 'UTF-8' encoding to copy filtered resources.
2020-09-13 12:54:33,829 [Worker-13: Building] INFO  o.e.m.c.i.embedder.EclipseLogger - skip non existing resourceDirectory D:\KounouzTravel2\Back-End\KounouzTravel\src\test\resources
2020-09-13 12:54:34,046 [Worker-14: Download sources and javadoc] INFO  o.e.m.c.i.e.AbstractTransferListenerAdapter - Downloading https://repo.maven.apache.org/maven2/org/springframework/security/spring-security-config/5.3.4.RELEASE/spring-security-config-5.3.4.RELEASE-sources.jar
2020-09-13 12:54:35,429 [Worker-14: Download sources and javadoc] INFO  o.e.m.c.i.e.AbstractTransferListenerAdapter - Downloaded https://repo.maven.apache.org/maven2/org/springframework/security/spring-security-config/5.3.4.RELEASE/spring-security-config-5.3.4.RELEASE-sources.jar
2020-09-13 12:54:35,659 [Worker-14: Download sources and javadoc] INFO  o.e.m.j.internal.DownloadSourcesJob - Downloaded sources for org.springframework.security:spring-security-config:5.3.4.RELEASE
2020-09-13 12:54:36,034 [Worker-14: Download sources and javadoc] INFO  o.e.m.c.i.e.AbstractTransferListenerAdapter - Downloading https://repo.maven.apache.org/maven2/org/springframework/security/spring-security-web/5.3.4.RELEASE/spring-security-web-5.3.4.RELEASE-sources.jar
2020-09-13 12:54:37,244 [Worker-14: Download sources and javadoc] INFO  o.e.m.c.i.e.AbstractTransferListenerAdapter - Downloaded https://repo.maven.apache.org/maven2/org/springframework/security/spring-security-web/5.3.4.RELEASE/spring-security-web-5.3.4.RELEASE-sources.jar
2020-09-13 12:54:37,810 [Worker-14: Download sources and javadoc] INFO  o.e.m.j.internal.DownloadSourcesJob - Downloaded sources for org.springframework.security:spring-security-web:5.3.4.RELEASE
2020-09-13 12:54:38,183 [Worker-14: Download sources and javadoc] INFO  o.e.m.c.i.e.AbstractTransferListenerAdapter - Downloading https://repo.maven.apache.org/maven2/org/springframework/security/spring-security-test/5.3.4.RELEASE/spring-security-test-5.3.4.RELEASE-sources.jar
2020-09-13 12:54:39,662 [Worker-14: Download sources and javadoc] INFO  o.e.m.c.i.e.AbstractTransferListenerAdapter - Downloaded https://repo.maven.apache.org/maven2/org/springframework/security/spring-security-test/5.3.4.RELEASE/spring-security-test-5.3.4.RELEASE-sources.jar
2020-09-13 12:54:40,254 [Worker-14: Download sources and javadoc] INFO  o.e.m.j.internal.DownloadSourcesJob - Downloaded sources for org.springframework.security:spring-security-test:5.3.4.RELEASE
2020-09-13 12:54:40,626 [Worker-14: Download sources and javadoc] INFO  o.e.m.c.i.e.AbstractTransferListenerAdapter - Downloading https://repo.maven.apache.org/maven2/org/springframework/security/spring-security-core/5.3.4.RELEASE/spring-security-core-5.3.4.RELEASE-sources.jar
2020-09-13 12:54:42,107 [Worker-14: Download sources and javadoc] INFO  o.e.m.c.i.e.AbstractTransferListenerAdapter - Downloaded https://repo.maven.apache.org/maven2/org/springframework/security/spring-security-core/5.3.4.RELEASE/spring-security-core-5.3.4.RELEASE-sources.jar
2020-09-13 12:54:42,205 [Worker-18: Building] INFO  o.e.m.c.i.embedder.EclipseLogger - Using 'UTF-8' encoding to copy filtered resources.
2020-09-13 12:54:42,266 [Worker-18: Building] INFO  o.e.m.c.i.embedder.EclipseLogger - Copying 1 resource
2020-09-13 12:54:42,273 [Worker-18: Building] INFO  o.e.m.c.i.embedder.EclipseLogger - Copying 0 resource
2020-09-13 12:54:42,279 [Worker-18: Building] INFO  o.e.m.c.i.embedder.EclipseLogger - Using 'UTF-8' encoding to copy filtered resources.
2020-09-13 12:54:42,279 [Worker-18: Building] INFO  o.e.m.c.i.embedder.EclipseLogger - skip non existing resourceDirectory D:\KounouzTravel2\Back-End\KounouzTravel\src\test\resources
2020-09-13 12:54:42,739 [Worker-14: Download sources and javadoc] INFO  o.e.m.j.internal.DownloadSourcesJob - Downloaded sources for org.springframework.security:spring-security-core:5.3.4.RELEASE
2020-09-13 12:54:44,410 [Worker-14: Building] INFO  o.e.m.c.i.embedder.EclipseLogger - Using 'UTF-8' encoding to copy filtered resources.
2020-09-13 12:54:44,411 [Worker-14: Building] INFO  o.e.m.c.i.embedder.EclipseLogger - Copying 0 resource
2020-09-13 12:54:44,411 [Worker-14: Building] INFO  o.e.m.c.i.embedder.EclipseLogger - Copying 0 resource
2020-09-13 12:54:44,414 [Worker-14: Building] INFO  o.e.m.c.i.embedder.EclipseLogger - Using 'UTF-8' encoding to copy filtered resources.
2020-09-13 12:54:44,414 [Worker-14: Building] INFO  o.e.m.c.i.embedder.EclipseLogger - skip non existing resourceDirectory D:\KounouzTravel2\Back-End\KounouzTravel\src\test\resources
2020-09-13 12:58:40,507 [Worker-0: Building] INFO  o.e.m.c.i.embedder.EclipseLogger - Using 'UTF-8' encoding to copy filtered resources.
2020-09-13 12:58:40,508 [Worker-0: Building] INFO  o.e.m.c.i.embedder.EclipseLogger - Copying 1 resource
2020-09-13 12:58:40,588 [Worker-0: Building] INFO  o.e.m.c.i.embedder.EclipseLogger - Copying 0 resource
2020-09-13 12:58:40,591 [Worker-0: Building] INFO  o.e.m.c.i.embedder.EclipseLogger - Using 'UTF-8' encoding to copy filtered resources.
2020-09-13 12:58:40,592 [Worker-0: Building] INFO  o.e.m.c.i.embedder.EclipseLogger - skip non existing resourceDirectory D:\KounouzTravel2\Back-End\KounouzTravel\src\test\resources
2020-09-13 13:13:08,500 [Worker-25: Building] INFO  o.e.m.c.i.embedder.EclipseLogger - Using 'UTF-8' encoding to copy filtered resources.
2020-09-13 13:13:08,503 [Worker-25: Building] INFO  o.e.m.c.i.embedder.EclipseLogger - Copying 1 resource
2020-09-13 13:13:08,574 [Worker-25: Building] INFO  o.e.m.c.i.embedder.EclipseLogger - Copying 0 resource
2020-09-13 13:13:08,577 [Worker-25: Building] INFO  o.e.m.c.i.embedder.EclipseLogger - Using 'UTF-8' encoding to copy filtered resources.
2020-09-13 13:13:08,577 [Worker-25: Building] INFO  o.e.m.c.i.embedder.EclipseLogger - skip non existing resourceDirectory D:\KounouzTravel2\Back-End\KounouzTravel\src\test\resources
2020-09-13 13:13:25,818 [Worker-25: Updating Maven Project] INFO  o.e.m.c.i.p.ProjectConfigurationManager - Update started
2020-09-13 13:13:26,835 [Worker-25: Updating Maven Project] INFO  o.e.m.c.i.l.LifecycleMappingFactory - Using org.eclipse.m2e.jdt.JarLifecycleMapping lifecycle mapping for MavenProject: com.pfe.kounouz.travel:KounouzTravel:0.0.1-SNAPSHOT @ D:\KounouzTravel2\Back-End\KounouzTravel\pom.xml.
2020-09-13 13:13:27,961 [Worker-25: Updating Maven Project] INFO  o.e.m.j.i.AbstractJavaProjectConfigurator - Adding source folder /KounouzTravel/src/main/java
2020-09-13 13:13:27,962 [Worker-25: Updating Maven Project] INFO  o.e.m.j.i.AbstractJavaProjectConfigurator - Adding resource folder /KounouzTravel/src/main/resources
2020-09-13 13:13:27,963 [Worker-25: Updating Maven Project] INFO  o.e.m.j.i.AbstractJavaProjectConfigurator - Adding resource folder /KounouzTravel/src/main/resources
2020-09-13 13:13:27,964 [Worker-25: Updating Maven Project] INFO  o.e.m.j.i.AbstractJavaProjectConfigurator - Adding source folder /KounouzTravel/src/test/java
2020-09-13 13:13:28,762 [Worker-25: Updating Maven Project] INFO  o.e.m.c.i.p.ProjectConfigurationManager - Update completed: 2 sec
2020-09-13 13:13:33,949 [Worker-29: Building] INFO  o.e.m.c.i.embedder.EclipseLogger - Using 'UTF-8' encoding to copy filtered resources.
2020-09-13 13:13:33,950 [Worker-29: Building] INFO  o.e.m.c.i.embedder.EclipseLogger - Copying 1 resource
2020-09-13 13:13:33,996 [Worker-29: Building] INFO  o.e.m.c.i.embedder.EclipseLogger - Copying 0 resource
2020-09-13 13:13:34,002 [Worker-29: Building] INFO  o.e.m.c.i.embedder.EclipseLogger - Using 'UTF-8' encoding to copy filtered resources.
2020-09-13 13:13:34,003 [Worker-29: Building] INFO  o.e.m.c.i.embedder.EclipseLogger - skip non existing resourceDirectory D:\KounouzTravel2\Back-End\KounouzTravel\src\test\resources
2020-09-13 13:13:45,691 [Worker-30: Launching Executing install in D__KounouzTravel2_Back-End_KounouzTravel] INFO  o.e.m.i.launch.MavenLaunchDelegate - D:\KounouzTravel2\Back-End\KounouzTravel
2020-09-13 13:13:45,692 [Worker-30: Launching Executing install in D__KounouzTravel2_Back-End_KounouzTravel] INFO  o.e.m.i.launch.MavenLaunchDelegate -  mvn -B install -Dstyle.color=always
2020-09-13 13:14:21,820 [Worker-23: Building] INFO  o.e.m.c.i.embedder.EclipseLogger - Using 'UTF-8' encoding to copy filtered resources.
2020-09-13 13:14:21,822 [Worker-23: Building] INFO  o.e.m.c.i.embedder.EclipseLogger - Copying 1 resource
2020-09-13 13:14:21,826 [Worker-23: Building] INFO  o.e.m.c.i.embedder.EclipseLogger - Copying 0 resource
2020-09-13 13:14:21,829 [Worker-23: Building] INFO  o.e.m.c.i.embedder.EclipseLogger - Using 'UTF-8' encoding to copy filtered resources.
2020-09-13 13:14:21,829 [Worker-23: Building] INFO  o.e.m.c.i.embedder.EclipseLogger - skip non existing resourceDirectory D:\KounouzTravel2\Back-End\KounouzTravel\src\test\resources
2020-09-13 15:29:10,983 [Worker-2: Loading available Gradle versions] INFO  o.e.b.c.i.u.g.PublishedGradleVersions - Gradle version information cache is up-to-date. Trying to read.
